Deserialization from file sampleConfiguration.xml successful.
Blackjack simulation: Finished 5% in 00:00:00.0287385.
Blackjack simulation: Finished 10% in 00:00:00.0299812.
Blackjack simulation: Finished 15% in 00:00:00.0307330.
Blackjack simulation: Finished 20% in 00:00:00.0316596.
Blackjack simulation: Finished 25% in 00:00:00.0325070.
Blackjack simulation: Finished 30% in 00:00:00.0332271.
Blackjack simulation: Finished 35% in 00:00:00.0339313.
Blackjack simulation: Finished 40% in 00:00:00.0346211.
Blackjack simulation: Finished 45% in 00:00:00.0353076.
Blackjack simulation: Finished 50% in 00:00:00.0360169.
Blackjack simulation: Finished 55% in 00:00:00.0367487.
Blackjack simulation: Finished 60% in 00:00:00.0374471.
Blackjack simulation: Finished 65% in 00:00:00.0381160.
Blackjack simulation: Finished 70% in 00:00:00.0387768.
Blackjack simulation: Finished 75% in 00:00:00.0395580.
Blackjack simulation: Finished 80% in 00:00:00.0402862.
Blackjack simulation: Finished 85% in 00:00:00.0409706.
Blackjack simulation: Finished 90% in 00:00:00.0417862.
Blackjack simulation: Finished 95% in 00:00:00.0424388.
Blackjack simulation: FINISHED in 00:00:00.0430629.
Deserialization from file sampleConfiguration.xml successful.
Blackjack simulation: Finished 5% in 00:00:00.0105047.
Blackjack simulation: Finished 10% in 00:00:00.0116102.
Blackjack simulation: Finished 15% in 00:00:00.0123516.
Blackjack simulation: Finished 20% in 00:00:00.0132356.
Blackjack simulation: Finished 25% in 00:00:00.0142999.
Blackjack simulation: Finished 30% in 00:00:00.0157424.
Blackjack simulation: Finished 35% in 00:00:00.0167999.
Blackjack simulation: Finished 40% in 00:00:00.0180702.
Blackjack simulation: Finished 45% in 00:00:00.0196005.
Blackjack simulation: Finished 50% in 00:00:00.0204271.
Blackjack simulation: Finished 55% in 00:00:00.0211938.
Blackjack simulation: Finished 60% in 00:00:00.0219601.
Blackjack simulation: Finished 65% in 00:00:00.0227282.
Blackjack simulation: Finished 70% in 00:00:00.0240927.
Blackjack simulation: Finished 75% in 00:00:00.0251638.
Blackjack simulation: Finished 80% in 00:00:00.0262123.
Blackjack simulation: Finished 85% in 00:00:00.0270465.
Blackjack simulation: Finished 90% in 00:00:00.0280664.
Blackjack simulation: Finished 95% in 00:00:00.0288703.
Blackjack simulation: FINISHED in 00:00:00.0296166.
Deserialization from file sampleConfiguration.xml successful.
Blackjack simulation: Finished 5% in 00:00:00.0105713.
Blackjack simulation: Finished 10% in 00:00:00.0118484.
Blackjack simulation: Finished 15% in 00:00:00.0126926.
Blackjack simulation: Finished 20% in 00:00:00.0137220.
Blackjack simulation: Finished 25% in 00:00:00.0147238.
Blackjack simulation: Finished 30% in 00:00:00.0155621.
Blackjack simulation: Finished 35% in 00:00:00.0163434.
Blackjack simulation: Finished 40% in 00:00:00.0171169.
Blackjack simulation: Finished 45% in 00:00:00.0178823.
Blackjack simulation: Finished 50% in 00:00:00.0186422.
Blackjack simulation: Finished 55% in 00:00:00.0193967.
Blackjack simulation: Finished 60% in 00:00:00.0201680.
Blackjack simulation: Finished 65% in 00:00:00.0209814.
Blackjack simulation: Finished 70% in 00:00:00.0217767.
Blackjack simulation: Finished 75% in 00:00:00.0226671.
Blackjack simulation: Finished 80% in 00:00:00.0235262.
Blackjack simulation: Finished 85% in 00:00:00.0243224.
Blackjack simulation: Finished 90% in 00:00:00.0252988.
Blackjack simulation: Finished 95% in 00:00:00.0260959.
Blackjack simulation: FINISHED in 00:00:00.0268477.
Deserialization from file sampleConfiguration.xml successful.
Blackjack simulation: Finished 5% in 00:00:00.0106279.
Blackjack simulation: Finished 10% in 00:00:00.0119200.
Blackjack simulation: Finished 15% in 00:00:00.0127787.
Blackjack simulation: Finished 20% in 00:00:00.0136908.
Blackjack simulation: Finished 25% in 00:00:00.0148339.
Blackjack simulation: Finished 30% in 00:00:00.0157220.
Blackjack simulation: Finished 35% in 00:00:00.0165028.
Blackjack simulation: Finished 40% in 00:00:00.0172709.
Blackjack simulation: Finished 45% in 00:00:00.0180870.
Blackjack simulation: Finished 50% in 00:00:00.0189040.
Blackjack simulation: Finished 55% in 00:00:00.0196889.
Blackjack simulation: Finished 60% in 00:00:00.0206327.
Blackjack simulation: Finished 65% in 00:00:00.0216413.
Blackjack simulation: Finished 70% in 00:00:00.0224728.
Blackjack simulation: Finished 75% in 00:00:00.0233894.
Blackjack simulation: Finished 80% in 00:00:00.0242340.
Blackjack simulation: Finished 85% in 00:00:00.0251828.
Blackjack simulation: Finished 90% in 00:00:00.0261661.
Blackjack simulation: Finished 95% in 00:00:00.0269274.
Blackjack simulation: FINISHED in 00:00:00.0276375.
Deserialization from file sampleConfiguration.xml successful.
Blackjack simulation: Finished 5% in 00:00:00.0135662.
Blackjack simulation: Finished 10% in 00:00:00.0163252.
Blackjack simulation: Finished 15% in 00:00:00.0187269.
Blackjack simulation: Finished 20% in 00:00:00.0225661.
Blackjack simulation: Finished 25% in 00:00:00.0250189.
Blackjack simulation: Finished 30% in 00:00:00.0272824.
Blackjack simulation: Finished 35% in 00:00:00.0295963.
Blackjack simulation: Finished 40% in 00:00:00.0320061.
Blackjack simulation: Finished 45% in 00:00:00.0343851.
Blackjack simulation: Finished 50% in 00:00:00.0367139.
Blackjack simulation: Finished 55% in 00:00:00.0389982.
Blackjack simulation: Finished 60% in 00:00:00.0412957.
Blackjack simulation: Finished 65% in 00:00:00.0438278.
Blackjack simulation: Finished 70% in 00:00:00.0476575.
Blackjack simulation: Finished 75% in 00:00:00.0500279.
Blackjack simulation: Finished 80% in 00:00:00.0523884.
Blackjack simulation: Finished 85% in 00:00:00.0546383.
Blackjack simulation: Finished 90% in 00:00:00.0568529.
Blackjack simulation: Finished 95% in 00:00:00.0591618.
Blackjack simulation: FINISHED in 00:00:00.0614199.
Deserialization from file sampleConfiguration.xml successful.
Blackjack simulation: Finished 5% in 00:01:24.2469246.
Deserialization from file sampleConfiguration.xml successful.
Blackjack simulation: Finished 5% in 00:00:09.3779010.
Deserialization from file sampleConfiguration.xml successful.
Blackjack simulation: Finished 5% in 00:00:00.4423060.
Deserialization from file sampleConfiguration.xml successful.
Blackjack simulation: Finished 5% in 00:00:02.2552292.
Deserialization from file sampleConfiguration.xml successful.
Blackjack simulation: Finished 5% in 00:07:42.7058752.
Deserialization from file sampleConfiguration.xml successful.
Deserialization from file sampleConfiguration.xml successful.
Deserialization from file sampleConfiguration.xml successful.
Deserialization from file sampleConfiguration.xml successful.
Deserialization from file sampleConfiguration.xml successful.
Blackjack simulation: Finished 5% in 00:00:00.0135273.
Blackjack simulation: Finished 10% in 00:00:00.0165050.
Blackjack simulation: Finished 15% in 00:00:00.0191028.
Blackjack simulation: Finished 20% in 00:00:00.0231933.
Blackjack simulation: Finished 25% in 00:00:00.0258205.
Blackjack simulation: Finished 30% in 00:00:00.0283005.
Blackjack simulation: Finished 35% in 00:00:00.0307633.
Blackjack simulation: Finished 40% in 00:00:00.0332243.
Blackjack simulation: Finished 45% in 00:00:00.0364657.
Blackjack simulation: Finished 50% in 00:00:00.0407387.
Blackjack simulation: Finished 55% in 00:00:00.0434252.
Blackjack simulation: Finished 60% in 00:00:00.0460434.
Blackjack simulation: Finished 65% in 00:00:00.0486910.
Blackjack simulation: Finished 70% in 00:00:00.0527552.
Blackjack simulation: Finished 75% in 00:00:00.0554227.
Blackjack simulation: Finished 80% in 00:00:00.0580259.
Blackjack simulation: Finished 85% in 00:00:00.0603157.
Blackjack simulation: Finished 90% in 00:00:00.0626739.
Blackjack simulation: Finished 95% in 00:00:00.0650724.
Blackjack simulation: FINISHED in 00:00:00.0673926.
Deserialization from file sampleConfiguration.xml successful.
Blackjack simulation: Finished 5% in 00:00:00.0166323.
Blackjack simulation: Finished 10% in 00:00:00.0215117.
Blackjack simulation: Finished 15% in 00:00:00.0256276.
Blackjack simulation: Finished 20% in 00:00:00.0285868.
Blackjack simulation: Finished 25% in 00:00:00.0310962.
Blackjack simulation: Finished 30% in 00:00:00.0335373.
Blackjack simulation: Finished 35% in 00:00:00.0359910.
Blackjack simulation: Finished 40% in 00:00:00.0387337.
Blackjack simulation: Finished 45% in 00:00:00.0413333.
Blackjack simulation: Finished 50% in 00:00:00.0444297.
Blackjack simulation: Finished 55% in 00:00:00.0476480.
Blackjack simulation: Finished 60% in 00:00:00.0502661.
Blackjack simulation: Finished 65% in 00:00:00.0527230.
Blackjack simulation: Finished 70% in 00:00:00.0551283.
Blackjack simulation: Finished 75% in 00:00:00.0585060.
Blackjack simulation: Finished 80% in 00:00:00.0615317.
Blackjack simulation: Finished 85% in 00:00:00.0664487.
Blackjack simulation: Finished 90% in 00:00:00.0692322.
Blackjack simulation: Finished 95% in 00:00:00.0748824.
Blackjack simulation: FINISHED in 00:00:00.0795925.
Deserialization from file sampleConfiguration.xml successful.
Blackjack simulation: Finished 5% in 00:00:00.0162052.
Blackjack simulation: Finished 10% in 00:00:00.0212966.
Blackjack simulation: Finished 15% in 00:00:00.0241045.
Deserialization from file sampleConfiguration.xml successful.
Blackjack simulation: Finished 5% in 00:00:00.0161935.
Blackjack simulation: Finished 10% in 00:00:00.0196848.
Blackjack simulation: Finished 15% in 00:00:00.0222373.
Deserialization from file sampleConfiguration.xml successful.
Blackjack simulation: Finished 5% in 00:00:00.0158991.
Blackjack simulation: Finished 10% in 00:00:00.0190901.
Blackjack simulation: Finished 15% in 00:00:00.0217672.
Blackjack simulation: Finished 20% in 00:00:00.0278205.
Blackjack simulation: Finished 25% in 00:00:00.0313218.
Blackjack simulation: Finished 30% in 00:00:00.0340790.
Blackjack simulation: Finished 35% in 00:00:00.0366631.
Blackjack simulation: Finished 40% in 00:00:00.0392265.
Blackjack simulation: Finished 45% in 00:00:00.0419230.
Blackjack simulation: Finished 50% in 00:00:00.0448727.
Blackjack simulation: Finished 55% in 00:00:00.0476335.
Blackjack simulation: Finished 60% in 00:00:00.0503925.
Blackjack simulation: Finished 65% in 00:00:00.0546351.
Blackjack simulation: Finished 70% in 00:00:00.0574064.
Blackjack simulation: Finished 75% in 00:00:00.0603741.
Blackjack simulation: Finished 80% in 00:00:00.0632686.
Blackjack simulation: Finished 85% in 00:00:00.0658577.
Blackjack simulation: Finished 90% in 00:00:00.0684587.
Blackjack simulation: Finished 95% in 00:00:00.0710614.
Blackjack simulation: FINISHED in 00:00:00.0735985.
Deserialization from file sampleConfiguration.xml successful.
Blackjack simulation: Finished 5% in 00:00:00.0246937.
Blackjack simulation: Finished 10% in 00:00:00.0343375.
Blackjack simulation: Finished 15% in 00:00:00.0461158.
Blackjack simulation: Finished 20% in 00:00:00.0569059.
Blackjack simulation: Finished 25% in 00:00:00.0687318.
Blackjack simulation: Finished 30% in 00:00:00.0800101.
Blackjack simulation: Finished 35% in 00:00:00.0902494.
Blackjack simulation: Finished 40% in 00:00:00.1013439.
Blackjack simulation: Finished 45% in 00:00:00.1113242.
Blackjack simulation: Finished 50% in 00:00:00.1218720.
Blackjack simulation: Finished 55% in 00:00:00.1317096.
Blackjack simulation: Finished 60% in 00:00:00.1414345.
Blackjack simulation: Finished 65% in 00:00:00.1512219.
Blackjack simulation: Finished 70% in 00:00:00.1612815.
Blackjack simulation: Finished 75% in 00:00:00.1712102.
Blackjack simulation: Finished 80% in 00:00:00.1809400.
Blackjack simulation: Finished 85% in 00:00:00.1905974.
Blackjack simulation: Finished 90% in 00:00:00.2017747.
Blackjack simulation: Finished 95% in 00:00:00.2112437.
Blackjack simulation: FINISHED in 00:00:00.2225628.
Deserialization from file Configuration\sampleConfiguration.xml successful.
Deserialization from file Configuration\Strategies\Basic\PairDecisionTableConfiguration.xml successful.

Deserialization from file Configuration\Strategies\Basic\SoftDecisionTableConfiguration.xml failed.

Error message: BlackjackSim.Configurations.Strategies.Basic.SoftDecisionTableConfiguration is inaccessible due to its protection level. Only public types can be processed.

Source: System.Xml

Stack trace:    at System.Xml.Serialization.TypeDesc.CheckSupported()
   at System.Xml.Serialization.TypeScope.GetTypeDesc(Type type, MemberInfo source, Boolean directReference, Boolean throwOnError)
   at System.Xml.Serialization.ModelScope.GetTypeModel(Type type, Boolean directReference)
   at System.Xml.Serialization.XmlReflectionImporter.ImportTypeMapping(Type type, XmlRootAttribute root, String defaultNamespace)
   at System.Xml.Serialization.XmlSerializer..ctor(Type type, String defaultNamespace)
   at System.Xml.Serialization.XmlSerializer..ctor(Type type)
   at BlackjackSim.Serialization.XmlUtils.DeserializeFromFile[T](String fileName) in B:\_misc\BlackjackSim\_myScripts\C#\Blackjack\BlackjackSim\Serialization\XmlUtils.cs:line 26

An exception occured in BlackjackSimRunner.

Error message: BlackjackSim.Configurations.Strategies.Basic.SoftDecisionTableConfiguration is inaccessible due to its protection level. Only public types can be processed.

Source: System.Xml

Stack trace:    at System.Xml.Serialization.TypeDesc.CheckSupported()
   at System.Xml.Serialization.TypeScope.GetTypeDesc(Type type, MemberInfo source, Boolean directReference, Boolean throwOnError)
   at System.Xml.Serialization.ModelScope.GetTypeModel(Type type, Boolean directReference)
   at System.Xml.Serialization.XmlReflectionImporter.ImportTypeMapping(Type type, XmlRootAttribute root, String defaultNamespace)
   at System.Xml.Serialization.XmlSerializer..ctor(Type type, String defaultNamespace)
   at System.Xml.Serialization.XmlSerializer..ctor(Type type)
   at BlackjackSim.Serialization.XmlUtils.DeserializeFromFile[T](String fileName) in B:\_misc\BlackjackSim\_myScripts\C#\Blackjack\BlackjackSim\Serialization\XmlUtils.cs:line 39
   at BlackjackSim.Strategies.Basic.BasicStrategy.Load[T](String folder, String filename) in B:\_misc\BlackjackSim\_myScripts\C#\Blackjack\BlackjackSim\Strategies\Basic\BasicStrategy.cs:line 50
   at BlackjackSim.Strategies.Basic.BasicStrategy..ctor(Configuration configuration) in B:\_misc\BlackjackSim\_myScripts\C#\Blackjack\BlackjackSim\Strategies\Basic\BasicStrategy.cs:line 25
   at BlackjackSim.Simulation.Simulator..ctor(Configuration configuration) in B:\_misc\BlackjackSim\_myScripts\C#\Blackjack\BlackjackSim\Simulation\Simulator.cs:line 35
   at BlackjackSim.Runner.Run() in B:\_misc\BlackjackSim\_myScripts\C#\Blackjack\BlackjackSim\Runner.cs:line 24
   at BlackjackSimRunner.Program.Main(String[] args) in B:\_misc\BlackjackSim\_myScripts\C#\Blackjack\BlackjackSimRunner\Program.cs:line 24
Deserialization from file Configuration\sampleConfiguration.xml successful.
Deserialization from file Configuration\Strategies\Basic\PairDecisionTableConfiguration.xml successful.
Deserialization from file Configuration\Strategies\Basic\SoftDecisionTableConfiguration.xml successful.
Deserialization from file Configuration\Strategies\Basic\HardDecisionTableConfiguration.xml successful.
Deserialization from file Configuration\sampleConfiguration.xml successful.
Deserialization from file Configuration\Strategies\Basic\PairDecisionTableConfiguration.xml successful.
Deserialization from file Configuration\Strategies\Basic\SoftDecisionTableConfiguration.xml successful.
Deserialization from file Configuration\Strategies\Basic\HardDecisionTableConfiguration.xml successful.

An exception occured in BlackjackSimRunner.

Error message: Index was outside the bounds of the array.

Source: BlackjackSim

Stack trace:    at BlackjackSim.Strategies.Basic.BasicStrategy.GetDecision(Hand handPlayer, Hand handDealer, Int32 trueCount, Permits permits) in B:\_misc\BlackjackSim\_myScripts\C#\Blackjack\BlackjackSim\Strategies\Basic\BasicStrategy.cs:line 269
   at BlackjackSim.Simulation.Simulator.PlayHand(Hand handPlayer, Hand handDealer, Double betSize, CardShoe shoe, Int32& numberOfSplits) in B:\_misc\BlackjackSim\_myScripts\C#\Blackjack\BlackjackSim\Simulation\Simulator.cs:line 197
   at BlackjackSim.Simulation.Simulator.BetHand(Double betSize, CardShoe shoe) in B:\_misc\BlackjackSim\_myScripts\C#\Blackjack\BlackjackSim\Simulation\Simulator.cs:line 150
   at BlackjackSim.Simulation.Simulator.Run() in B:\_misc\BlackjackSim\_myScripts\C#\Blackjack\BlackjackSim\Simulation\Simulator.cs:line 62
   at BlackjackSim.Runner.Run() in B:\_misc\BlackjackSim\_myScripts\C#\Blackjack\BlackjackSim\Runner.cs:line 25
   at BlackjackSimRunner.Program.Main(String[] args) in B:\_misc\BlackjackSim\_myScripts\C#\Blackjack\BlackjackSimRunner\Program.cs:line 24
Deserialization from file Configuration\sampleConfiguration.xml successful.
Deserialization from file Configuration\Strategies\Basic\PairDecisionTableConfiguration.xml successful.
Deserialization from file Configuration\Strategies\Basic\SoftDecisionTableConfiguration.xml successful.
Deserialization from file Configuration\Strategies\Basic\HardDecisionTableConfiguration.xml successful.

An exception occured in BlackjackSimRunner.

Error message: Index was outside the bounds of the array.

Source: BlackjackSim

Stack trace:    at BlackjackSim.Strategies.Basic.BasicStrategy.GetDecision(Hand handPlayer, Hand handDealer, Int32 trueCount, Permits permits) in B:\_misc\BlackjackSim\_myScripts\C#\Blackjack\BlackjackSim\Strategies\Basic\BasicStrategy.cs:line 269
   at BlackjackSim.Simulation.Simulator.PlayHand(Hand handPlayer, Hand handDealer, Double betSize, CardShoe shoe, Int32& numberOfSplits) in B:\_misc\BlackjackSim\_myScripts\C#\Blackjack\BlackjackSim\Simulation\Simulator.cs:line 197
   at BlackjackSim.Simulation.Simulator.BetHand(Double betSize, CardShoe shoe) in B:\_misc\BlackjackSim\_myScripts\C#\Blackjack\BlackjackSim\Simulation\Simulator.cs:line 150
   at BlackjackSim.Simulation.Simulator.Run() in B:\_misc\BlackjackSim\_myScripts\C#\Blackjack\BlackjackSim\Simulation\Simulator.cs:line 62
   at BlackjackSim.Runner.Run() in B:\_misc\BlackjackSim\_myScripts\C#\Blackjack\BlackjackSim\Runner.cs:line 25
   at BlackjackSimRunner.Program.Main(String[] args) in B:\_misc\BlackjackSim\_myScripts\C#\Blackjack\BlackjackSimRunner\Program.cs:line 24
Deserialization from file Configuration\sampleConfiguration.xml successful.
Deserialization from file Configuration\Strategies\Basic\PairDecisionTableConfiguration.xml successful.
Deserialization from file Configuration\Strategies\Basic\SoftDecisionTableConfiguration.xml successful.
Deserialization from file Configuration\Strategies\Basic\HardDecisionTableConfiguration.xml successful.

An exception occured in BlackjackSimRunner.

Error message: Index was outside the bounds of the array.

Source: BlackjackSim

Stack trace:    at BlackjackSim.Strategies.Basic.BasicStrategy.GetDecision(Hand handPlayer, Hand handDealer, Int32 trueCount, Permits permits) in B:\_misc\BlackjackSim\_myScripts\C#\Blackjack\BlackjackSim\Strategies\Basic\BasicStrategy.cs:line 269
   at BlackjackSim.Simulation.Simulator.PlayHand(Hand handPlayer, Hand handDealer, Double betSize, CardShoe shoe, Int32& numberOfSplits) in B:\_misc\BlackjackSim\_myScripts\C#\Blackjack\BlackjackSim\Simulation\Simulator.cs:line 197
   at BlackjackSim.Simulation.Simulator.BetHand(Double betSize, CardShoe shoe) in B:\_misc\BlackjackSim\_myScripts\C#\Blackjack\BlackjackSim\Simulation\Simulator.cs:line 150
   at BlackjackSim.Simulation.Simulator.Run() in B:\_misc\BlackjackSim\_myScripts\C#\Blackjack\BlackjackSim\Simulation\Simulator.cs:line 62
   at BlackjackSim.Runner.Run() in B:\_misc\BlackjackSim\_myScripts\C#\Blackjack\BlackjackSim\Runner.cs:line 25
   at BlackjackSimRunner.Program.Main(String[] args) in B:\_misc\BlackjackSim\_myScripts\C#\Blackjack\BlackjackSimRunner\Program.cs:line 24
Deserialization from file Configuration\sampleConfiguration.xml successful.
Deserialization from file Configuration\Strategies\Basic\PairDecisionTableConfiguration.xml successful.
Deserialization from file Configuration\Strategies\Basic\SoftDecisionTableConfiguration.xml successful.
Deserialization from file Configuration\Strategies\Basic\HardDecisionTableConfiguration.xml successful.

An exception occured in BlackjackSimRunner.

Error message: Index was outside the bounds of the array.

Source: BlackjackSim

Stack trace:    at BlackjackSim.Strategies.Basic.BasicStrategy.GetDecision(Hand handPlayer, Hand handDealer, Int32 trueCount, Permits permits) in B:\_misc\BlackjackSim\_myScripts\C#\Blackjack\BlackjackSim\Strategies\Basic\BasicStrategy.cs:line 279
   at BlackjackSim.Simulation.Simulator.PlayHand(Hand handPlayer, Hand handDealer, Double betSize, CardShoe shoe, Int32& numberOfSplits) in B:\_misc\BlackjackSim\_myScripts\C#\Blackjack\BlackjackSim\Simulation\Simulator.cs:line 197
   at BlackjackSim.Simulation.Simulator.BetHand(Double betSize, CardShoe shoe) in B:\_misc\BlackjackSim\_myScripts\C#\Blackjack\BlackjackSim\Simulation\Simulator.cs:line 150
   at BlackjackSim.Simulation.Simulator.Run() in B:\_misc\BlackjackSim\_myScripts\C#\Blackjack\BlackjackSim\Simulation\Simulator.cs:line 62
   at BlackjackSim.Runner.Run() in B:\_misc\BlackjackSim\_myScripts\C#\Blackjack\BlackjackSim\Runner.cs:line 25
   at BlackjackSimRunner.Program.Main(String[] args) in B:\_misc\BlackjackSim\_myScripts\C#\Blackjack\BlackjackSimRunner\Program.cs:line 24
Deserialization from file Configuration\sampleConfiguration.xml successful.
Deserialization from file Configuration\Strategies\Basic\PairDecisionTableConfiguration.xml successful.
Deserialization from file Configuration\Strategies\Basic\SoftDecisionTableConfiguration.xml successful.
Deserialization from file Configuration\Strategies\Basic\HardDecisionTableConfiguration.xml successful.

An exception occured in BlackjackSimRunner.

Error message: Index was outside the bounds of the array.

Source: BlackjackSim

Stack trace:    at BlackjackSim.Strategies.Basic.BasicStrategy.GetDecision(Hand handPlayer, Hand handDealer, Int32 trueCount, Permits permits) in B:\_misc\BlackjackSim\_myScripts\C#\Blackjack\BlackjackSim\Strategies\Basic\BasicStrategy.cs:line 279
   at BlackjackSim.Simulation.Simulator.PlayHand(Hand handPlayer, Hand handDealer, Double betSize, CardShoe shoe, Int32& numberOfSplits) in B:\_misc\BlackjackSim\_myScripts\C#\Blackjack\BlackjackSim\Simulation\Simulator.cs:line 197
   at BlackjackSim.Simulation.Simulator.BetHand(Double betSize, CardShoe shoe) in B:\_misc\BlackjackSim\_myScripts\C#\Blackjack\BlackjackSim\Simulation\Simulator.cs:line 150
   at BlackjackSim.Simulation.Simulator.Run() in B:\_misc\BlackjackSim\_myScripts\C#\Blackjack\BlackjackSim\Simulation\Simulator.cs:line 62
   at BlackjackSim.Runner.Run() in B:\_misc\BlackjackSim\_myScripts\C#\Blackjack\BlackjackSim\Runner.cs:line 25
   at BlackjackSimRunner.Program.Main(String[] args) in B:\_misc\BlackjackSim\_myScripts\C#\Blackjack\BlackjackSimRunner\Program.cs:line 24
Deserialization from file Configuration\sampleConfiguration.xml successful.
Deserialization from file Configuration\Strategies\Basic\PairDecisionTableConfiguration.xml successful.
Deserialization from file Configuration\Strategies\Basic\SoftDecisionTableConfiguration.xml successful.
Deserialization from file Configuration\Strategies\Basic\HardDecisionTableConfiguration.xml successful.

An exception occured in BlackjackSimRunner.

Error message: Index was outside the bounds of the array.

Source: BlackjackSim

Stack trace:    at BlackjackSim.Strategies.Basic.BasicStrategy.GetDecision(Hand handPlayer, Hand handDealer, Int32 trueCount, Permits permits) in B:\_misc\BlackjackSim\_myScripts\C#\Blackjack\BlackjackSim\Strategies\Basic\BasicStrategy.cs:line 279
   at BlackjackSim.Simulation.Simulator.PlayHand(Hand handPlayer, Hand handDealer, Double betSize, CardShoe shoe, Int32& numberOfSplits) in B:\_misc\BlackjackSim\_myScripts\C#\Blackjack\BlackjackSim\Simulation\Simulator.cs:line 197
   at BlackjackSim.Simulation.Simulator.BetHand(Double betSize, CardShoe shoe) in B:\_misc\BlackjackSim\_myScripts\C#\Blackjack\BlackjackSim\Simulation\Simulator.cs:line 150
   at BlackjackSim.Simulation.Simulator.Run() in B:\_misc\BlackjackSim\_myScripts\C#\Blackjack\BlackjackSim\Simulation\Simulator.cs:line 62
   at BlackjackSim.Runner.Run() in B:\_misc\BlackjackSim\_myScripts\C#\Blackjack\BlackjackSim\Runner.cs:line 25
   at BlackjackSimRunner.Program.Main(String[] args) in B:\_misc\BlackjackSim\_myScripts\C#\Blackjack\BlackjackSimRunner\Program.cs:line 24
Deserialization from file Configuration\sampleConfiguration.xml successful.
Deserialization from file Configuration\Strategies\Basic\PairDecisionTableConfiguration.xml successful.
Deserialization from file Configuration\Strategies\Basic\SoftDecisionTableConfiguration.xml successful.
Deserialization from file Configuration\Strategies\Basic\HardDecisionTableConfiguration.xml successful.
Deserialization from file Configuration\sampleConfiguration.xml successful.
Deserialization from file Configuration\Strategies\Basic\PairDecisionTableConfiguration.xml successful.
Deserialization from file Configuration\Strategies\Basic\SoftDecisionTableConfiguration.xml successful.
Deserialization from file Configuration\Strategies\Basic\HardDecisionTableConfiguration.xml successful.

An exception occured in BlackjackSimRunner.

Error message: Index was outside the bounds of the array.

Source: BlackjackSim

Stack trace:    at BlackjackSim.Strategies.Basic.BasicStrategy.GetDecision(Hand handPlayer, Hand handDealer, Int32 trueCount, Permits permits) in B:\_misc\BlackjackSim\_myScripts\C#\Blackjack\BlackjackSim\Strategies\Basic\BasicStrategy.cs:line 324
   at BlackjackSim.Simulation.Simulator.PlayHand(Hand handPlayer, Hand handDealer, Double betSize, CardShoe shoe, Int32& numberOfSplits) in B:\_misc\BlackjackSim\_myScripts\C#\Blackjack\BlackjackSim\Simulation\Simulator.cs:line 197
   at BlackjackSim.Simulation.Simulator.BetHand(Double betSize, CardShoe shoe) in B:\_misc\BlackjackSim\_myScripts\C#\Blackjack\BlackjackSim\Simulation\Simulator.cs:line 150
   at BlackjackSim.Simulation.Simulator.Run() in B:\_misc\BlackjackSim\_myScripts\C#\Blackjack\BlackjackSim\Simulation\Simulator.cs:line 62
   at BlackjackSim.Runner.Run() in B:\_misc\BlackjackSim\_myScripts\C#\Blackjack\BlackjackSim\Runner.cs:line 25
   at BlackjackSimRunner.Program.Main(String[] args) in B:\_misc\BlackjackSim\_myScripts\C#\Blackjack\BlackjackSimRunner\Program.cs:line 24
Deserialization from file Configuration\sampleConfiguration.xml successful.
Deserialization from file Configuration\Strategies\Basic\PairDecisionTableConfiguration.xml successful.
Deserialization from file Configuration\Strategies\Basic\SoftDecisionTableConfiguration.xml successful.
Deserialization from file Configuration\Strategies\Basic\HardDecisionTableConfiguration.xml successful.

An exception occured in BlackjackSimRunner.

Error message: Index was outside the bounds of the array.

Source: BlackjackSim

Stack trace:    at BlackjackSim.Strategies.Basic.BasicStrategy.GetDecision(Hand handPlayer, Hand handDealer, Int32 trueCount, Permits permits) in B:\_misc\BlackjackSim\_myScripts\C#\Blackjack\BlackjackSim\Strategies\Basic\BasicStrategy.cs:line 274
   at BlackjackSim.Simulation.Simulator.PlayHand(Hand handPlayer, Hand handDealer, Double betSize, CardShoe shoe, Int32& numberOfSplits) in B:\_misc\BlackjackSim\_myScripts\C#\Blackjack\BlackjackSim\Simulation\Simulator.cs:line 197
   at BlackjackSim.Simulation.Simulator.BetHand(Double betSize, CardShoe shoe) in B:\_misc\BlackjackSim\_myScripts\C#\Blackjack\BlackjackSim\Simulation\Simulator.cs:line 150
   at BlackjackSim.Simulation.Simulator.Run() in B:\_misc\BlackjackSim\_myScripts\C#\Blackjack\BlackjackSim\Simulation\Simulator.cs:line 62
   at BlackjackSim.Runner.Run() in B:\_misc\BlackjackSim\_myScripts\C#\Blackjack\BlackjackSim\Runner.cs:line 25
   at BlackjackSimRunner.Program.Main(String[] args) in B:\_misc\BlackjackSim\_myScripts\C#\Blackjack\BlackjackSimRunner\Program.cs:line 24
Deserialization from file Configuration\sampleConfiguration.xml successful.
Deserialization from file Configuration\Strategies\Basic\PairDecisionTableConfiguration.xml successful.
Deserialization from file Configuration\Strategies\Basic\SoftDecisionTableConfiguration.xml successful.
Deserialization from file Configuration\Strategies\Basic\HardDecisionTableConfiguration.xml successful.

An exception occured in BlackjackSimRunner.

Error message: Index was outside the bounds of the array.

Source: BlackjackSim

Stack trace:    at BlackjackSim.Strategies.Basic.BasicStrategy.GetDecision(Hand handPlayer, Hand handDealer, Int32 trueCount, Permits permits) in B:\_misc\BlackjackSim\_myScripts\C#\Blackjack\BlackjackSim\Strategies\Basic\BasicStrategy.cs:line 274
   at BlackjackSim.Simulation.Simulator.PlayHand(Hand handPlayer, Hand handDealer, Double betSize, CardShoe shoe, Int32& numberOfSplits) in B:\_misc\BlackjackSim\_myScripts\C#\Blackjack\BlackjackSim\Simulation\Simulator.cs:line 197
   at BlackjackSim.Simulation.Simulator.BetHand(Double betSize, CardShoe shoe) in B:\_misc\BlackjackSim\_myScripts\C#\Blackjack\BlackjackSim\Simulation\Simulator.cs:line 150
   at BlackjackSim.Simulation.Simulator.Run() in B:\_misc\BlackjackSim\_myScripts\C#\Blackjack\BlackjackSim\Simulation\Simulator.cs:line 62
   at BlackjackSim.Runner.Run() in B:\_misc\BlackjackSim\_myScripts\C#\Blackjack\BlackjackSim\Runner.cs:line 25
   at BlackjackSimRunner.Program.Main(String[] args) in B:\_misc\BlackjackSim\_myScripts\C#\Blackjack\BlackjackSimRunner\Program.cs:line 24
Deserialization from file Configuration\sampleConfiguration.xml successful.
Deserialization from file Configuration\Strategies\Basic\PairDecisionTableConfiguration.xml successful.
Deserialization from file Configuration\Strategies\Basic\SoftDecisionTableConfiguration.xml successful.
Deserialization from file Configuration\Strategies\Basic\HardDecisionTableConfiguration.xml successful.
Deserialization from file Configuration\sampleConfiguration.xml successful.
Deserialization from file Configuration\Strategies\Basic\PairDecisionTableConfiguration.xml successful.
Deserialization from file Configuration\Strategies\Basic\SoftDecisionTableConfiguration.xml successful.
Deserialization from file Configuration\Strategies\Basic\HardDecisionTableConfiguration.xml successful.
Deserialization from file Configuration\sampleConfiguration.xml successful.
Deserialization from file Configuration\Strategies\Basic\PairDecisionTableConfiguration.xml successful.
Deserialization from file Configuration\Strategies\Basic\SoftDecisionTableConfiguration.xml successful.
Deserialization from file Configuration\Strategies\Basic\HardDecisionTableConfiguration.xml successful.
Blackjack simulation: Finished 5% in 00:00:00.0222736.
Blackjack simulation: Finished 10% in 00:00:00.0334392.
Blackjack simulation: Finished 15% in 00:00:00.0429716.
Blackjack simulation: Finished 20% in 00:00:00.0533310.
Blackjack simulation: Finished 25% in 00:00:00.0637000.
Blackjack simulation: Finished 30% in 00:00:00.0734244.
Blackjack simulation: Finished 35% in 00:00:00.0835135.
Blackjack simulation: Finished 40% in 00:00:00.0929603.
Blackjack simulation: Finished 45% in 00:00:00.1031273.
Blackjack simulation: Finished 50% in 00:00:00.1126729.
Blackjack simulation: Finished 55% in 00:00:00.1225450.
Blackjack simulation: Finished 60% in 00:00:00.1330321.
Blackjack simulation: Finished 65% in 00:00:00.1425306.
Blackjack simulation: Finished 70% in 00:00:00.1528475.
Blackjack simulation: Finished 75% in 00:00:00.1625013.
Blackjack simulation: Finished 80% in 00:00:00.1724934.
Blackjack simulation: Finished 85% in 00:00:00.1826726.
Blackjack simulation: Finished 90% in 00:00:00.1930139.
Blackjack simulation: Finished 95% in 00:00:00.2033598.
Blackjack simulation: FINISHED in 00:00:00.2138519.
Deserialization from file Configuration\sampleConfiguration.xml successful.
Blackjack simulation: Finished 5% in 00:00:00.0242337.
Blackjack simulation: Finished 10% in 00:00:00.0339876.
Blackjack simulation: Finished 15% in 00:00:00.0452705.
Blackjack simulation: Finished 20% in 00:00:00.0550108.
Blackjack simulation: Finished 25% in 00:00:00.0649943.
Blackjack simulation: Finished 30% in 00:00:00.0754117.
Blackjack simulation: Finished 35% in 00:00:00.0849519.
Blackjack simulation: Finished 40% in 00:00:00.0947484.
Blackjack simulation: Finished 45% in 00:00:00.1042708.
Blackjack simulation: Finished 50% in 00:00:00.1148545.
Blackjack simulation: Finished 55% in 00:00:00.1242370.
Blackjack simulation: Finished 60% in 00:00:00.1340638.
Blackjack simulation: Finished 65% in 00:00:00.1453662.
Blackjack simulation: Finished 70% in 00:00:00.1547012.
Blackjack simulation: Finished 75% in 00:00:00.1646611.
Blackjack simulation: Finished 80% in 00:00:00.1742905.
Blackjack simulation: Finished 85% in 00:00:00.1837999.
Blackjack simulation: Finished 90% in 00:00:00.1950922.
Blackjack simulation: Finished 95% in 00:00:00.2059562.
Blackjack simulation: FINISHED in 00:00:00.2161938.
Deserialization from file Configuration\sampleConfiguration.xml successful.
Deserialization from file Configuration\Strategies\Index\PairDecisionTableConfiguration.xml successful.
Deserialization from file Configuration\Strategies\Index\DoubleDecisionTableConfiguration.xml successful.
Deserialization from file Configuration\Strategies\Index\StandDecisionTableConfiguration.xml successful.

An exception occured in BlackjackSimRunner.

Error message: Sequence contains no elements

Source: System.Core

Stack trace:    at System.Linq.Enumerable.Single[TSource](IEnumerable`1 source)
   at BlackjackSim.Strategies.Index.IndexStrategy..ctor(Configuration configuration) in B:\_misc\BlackjackSim\_myScripts\C#\Blackjack\BlackjackSim\Strategies\Index\IndexStrategy.cs:line 39
   at BlackjackSim.Simulation.Simulator..ctor(Configuration configuration) in B:\_misc\BlackjackSim\_myScripts\C#\Blackjack\BlackjackSim\Simulation\Simulator.cs:line 40
   at BlackjackSim.Runner.Run() in B:\_misc\BlackjackSim\_myScripts\C#\Blackjack\BlackjackSim\Runner.cs:line 24
   at BlackjackSimRunner.Program.Main(String[] args) in B:\_misc\BlackjackSim\_myScripts\C#\Blackjack\BlackjackSimRunner\Program.cs:line 24
Deserialization from file Configuration\sampleConfiguration.xml successful.
Deserialization from file Configuration\Strategies\Index\PairDecisionTableConfiguration.xml successful.
Deserialization from file Configuration\Strategies\Index\DoubleDecisionTableConfiguration.xml successful.
Deserialization from file Configuration\Strategies\Index\StandDecisionTableConfiguration.xml successful.

An exception occured in BlackjackSimRunner.

Error message: Sequence contains no elements

Source: System.Core

Stack trace:    at System.Linq.Enumerable.Single[TSource](IEnumerable`1 source)
   at BlackjackSim.Strategies.Index.IndexStrategy..ctor(Configuration configuration) in B:\_misc\BlackjackSim\_myScripts\C#\Blackjack\BlackjackSim\Strategies\Index\IndexStrategy.cs:line 39
   at BlackjackSim.Simulation.Simulator..ctor(Configuration configuration) in B:\_misc\BlackjackSim\_myScripts\C#\Blackjack\BlackjackSim\Simulation\Simulator.cs:line 40
   at BlackjackSim.Runner.Run() in B:\_misc\BlackjackSim\_myScripts\C#\Blackjack\BlackjackSim\Runner.cs:line 24
   at BlackjackSimRunner.Program.Main(String[] args) in B:\_misc\BlackjackSim\_myScripts\C#\Blackjack\BlackjackSimRunner\Program.cs:line 24
Deserialization from file Configuration\sampleConfiguration.xml successful.
Deserialization from file Configuration\Strategies\Index\PairDecisionTableConfiguration.xml successful.
Deserialization from file Configuration\Strategies\Index\DoubleDecisionTableConfiguration.xml successful.
Deserialization from file Configuration\Strategies\Index\StandDecisionTableConfiguration.xml successful.

An exception occured in BlackjackSimRunner.

Error message: Sequence contains no elements

Source: System.Core

Stack trace:    at System.Linq.Enumerable.Single[TSource](IEnumerable`1 source)
   at BlackjackSim.Strategies.Index.IndexStrategy..ctor(Configuration configuration) in B:\_misc\BlackjackSim\_myScripts\C#\Blackjack\BlackjackSim\Strategies\Index\IndexStrategy.cs:line 39
   at BlackjackSim.Simulation.Simulator..ctor(Configuration configuration) in B:\_misc\BlackjackSim\_myScripts\C#\Blackjack\BlackjackSim\Simulation\Simulator.cs:line 40
   at BlackjackSim.Runner.Run() in B:\_misc\BlackjackSim\_myScripts\C#\Blackjack\BlackjackSim\Runner.cs:line 24
   at BlackjackSimRunner.Program.Main(String[] args) in B:\_misc\BlackjackSim\_myScripts\C#\Blackjack\BlackjackSimRunner\Program.cs:line 24
Deserialization from file Configuration\sampleConfiguration.xml successful.
Deserialization from file Configuration\Strategies\Index\PairDecisionTableConfiguration.xml successful.
Deserialization from file Configuration\Strategies\Index\DoubleDecisionTableConfiguration.xml successful.
Deserialization from file Configuration\Strategies\Index\StandDecisionTableConfiguration.xml successful.
Deserialization from file Configuration\sampleConfiguration.xml successful.
Deserialization from file Configuration\Strategies\Index\PairDecisionTableConfiguration.xml successful.
Deserialization from file Configuration\Strategies\Index\DoubleDecisionTableConfiguration.xml successful.
Deserialization from file Configuration\Strategies\Index\StandDecisionTableConfiguration.xml successful.
Blackjack simulation: Finished 5% in 00:00:00.0269336.
Blackjack simulation: Finished 10% in 00:00:00.0380669.
Blackjack simulation: Finished 15% in 00:00:00.0543192.
Blackjack simulation: Finished 20% in 00:00:00.0718396.
Blackjack simulation: Finished 25% in 00:00:00.0831414.
Blackjack simulation: Finished 30% in 00:00:00.0930266.
Blackjack simulation: Finished 35% in 00:00:00.1046748.
Blackjack simulation: Finished 40% in 00:00:00.1170934.
Blackjack simulation: Finished 45% in 00:00:00.1288495.
Blackjack simulation: Finished 50% in 00:00:00.1398392.
Blackjack simulation: Finished 55% in 00:00:00.1534779.
Blackjack simulation: Finished 60% in 00:00:00.1686718.
Blackjack simulation: Finished 65% in 00:00:00.1792653.
Blackjack simulation: Finished 70% in 00:00:00.1924978.
Blackjack simulation: Finished 75% in 00:00:00.2036556.
Blackjack simulation: Finished 80% in 00:00:00.2156865.
Blackjack simulation: Finished 85% in 00:00:00.2275214.
Blackjack simulation: Finished 90% in 00:00:00.2383286.
Blackjack simulation: Finished 95% in 00:00:00.2494538.
Blackjack simulation: FINISHED in 00:00:00.2664891.
