
Deserialization from file Strategies\Basic\PairDecisionTableConfiguration.xml failed.

Error message: File not found: Strategies\Basic\PairDecisionTableConfiguration.xml

Source: BlackjackSim

Stack trace:    at BlackjackSim.Serialization.XmlUtils.DeserializeFromFile[T](String fileName) in B:\_misc\BlackjackSim\_myScripts\C#\Blackjack\BlackjackSim\Serialization\XmlUtils.cs:line 22

An exception occured in BlackjackSimSamples.

Error message: File not found: Strategies\Basic\PairDecisionTableConfiguration.xml

Source: BlackjackSim

Stack trace:    at BlackjackSim.Serialization.XmlUtils.DeserializeFromFile[T](String fileName) in B:\_misc\BlackjackSim\_myScripts\C#\Blackjack\BlackjackSim\Serialization\XmlUtils.cs:line 39
   at BlackjackSimSamples.Strategies.Basic.PairDecisionTableConfigurationTest.LoadConfiguration() in B:\_misc\BlackjackSim\_myScripts\C#\Blackjack\BlackjackSimSamples\Strategies\Basic\PairDecisionTableConfigurationTest.cs:line 16
   at BlackjackSimSamples.Program.Main(String[] args) in B:\_misc\BlackjackSim\_myScripts\C#\Blackjack\BlackjackSimSamples\Program.cs:line 23

Deserialization from file Strategies\Basic\PairDecisionTableConfiguration.xml failed.

Error message: Could not find file 'B:\_misc\BlackjackSim\_myScripts\C#\Blackjack\BlackjackSimSamples\bin\Release\Strategies\Basic\PairDecisionTableConfiguration.xml'.

Source: mscorlib

Stack trace:    at System.IO.__Error.WinIOError(Int32 errorCode, String maybeFullPath)
   at System.IO.FileStream.Init(String path, FileMode mode, FileAccess access, Int32 rights, Boolean useRights, FileShare share, Int32 bufferSize, FileOptions options, SECURITY_ATTRIBUTES secAttrs, String msgPath, Boolean bFromProxy, Boolean useLongPath)
   at System.IO.FileStream..ctor(String path, FileMode mode, FileAccess access, FileShare share, Int32 bufferSize, FileOptions options)
   at System.IO.StreamReader..ctor(String path, Encoding encoding, Boolean detectEncodingFromByteOrderMarks, Int32 bufferSize)
   at System.IO.StreamReader..ctor(String path)
   at BlackjackSim.Serialization.XmlUtils.DeserializeFromFile[T](String fileName) in B:\_misc\BlackjackSim\_myScripts\C#\Blackjack\BlackjackSim\Serialization\XmlUtils.cs:line 28

An exception occured in BlackjackSimSamples.

Error message: Could not find file 'B:\_misc\BlackjackSim\_myScripts\C#\Blackjack\BlackjackSimSamples\bin\Release\Strategies\Basic\PairDecisionTableConfiguration.xml'.

Source: mscorlib

Stack trace:    at System.IO.__Error.WinIOError(Int32 errorCode, String maybeFullPath)
   at System.IO.FileStream.Init(String path, FileMode mode, FileAccess access, Int32 rights, Boolean useRights, FileShare share, Int32 bufferSize, FileOptions options, SECURITY_ATTRIBUTES secAttrs, String msgPath, Boolean bFromProxy, Boolean useLongPath)
   at System.IO.FileStream..ctor(String path, FileMode mode, FileAccess access, FileShare share, Int32 bufferSize, FileOptions options)
   at System.IO.StreamReader..ctor(String path, Encoding encoding, Boolean detectEncodingFromByteOrderMarks, Int32 bufferSize)
   at System.IO.StreamReader..ctor(String path)
   at BlackjackSim.Serialization.XmlUtils.DeserializeFromFile[T](String fileName) in B:\_misc\BlackjackSim\_myScripts\C#\Blackjack\BlackjackSim\Serialization\XmlUtils.cs:line 39
   at BlackjackSimSamples.Strategies.Basic.PairDecisionTableConfigurationTest.LoadConfiguration() in B:\_misc\BlackjackSim\_myScripts\C#\Blackjack\BlackjackSimSamples\Strategies\Basic\PairDecisionTableConfigurationTest.cs:line 16
   at BlackjackSimSamples.Program.Main(String[] args) in B:\_misc\BlackjackSim\_myScripts\C#\Blackjack\BlackjackSimSamples\Program.cs:line 23
Deserialization from file Strategies\Basic\PairDecisionTableConfiguration.xml successful.

Deserialization from file Configuration\Strategies\Basic\PairDecisionTableConfiguration.xml failed.

Error message: File not found: Configuration\Strategies\Basic\PairDecisionTableConfiguration.xml

Source: BlackjackSim

Stack trace:    at BlackjackSim.Serialization.XmlUtils.DeserializeFromFile[T](String fileName) in B:\_misc\BlackjackSim\_myScripts\C#\Blackjack\BlackjackSim\Serialization\XmlUtils.cs:line 22

An exception occured in BlackjackSimSamples.

Error message: File not found: Configuration\Strategies\Basic\PairDecisionTableConfiguration.xml

Source: BlackjackSim

Stack trace:    at BlackjackSim.Serialization.XmlUtils.DeserializeFromFile[T](String fileName) in B:\_misc\BlackjackSim\_myScripts\C#\Blackjack\BlackjackSim\Serialization\XmlUtils.cs:line 39
   at BlackjackSimSamples.Strategies.Basic.PairDecisionTableConfigurationTest.LoadConfiguration() in B:\_misc\BlackjackSim\_myScripts\C#\Blackjack\BlackjackSimSamples\Strategies\Basic\PairDecisionTableConfigurationTest.cs:line 20
   at BlackjackSimSamples.Program.Main(String[] args) in B:\_misc\BlackjackSim\_myScripts\C#\Blackjack\BlackjackSimSamples\Program.cs:line 23

Deserialization from file Configuration\Strategies\Basic\PairDecisionTableConfiguration.xml failed.

Error message: File not found: Configuration\Strategies\Basic\PairDecisionTableConfiguration.xml

Source: BlackjackSim

Stack trace:    at BlackjackSim.Serialization.XmlUtils.DeserializeFromFile[T](String fileName) in B:\_misc\BlackjackSim\_myScripts\C#\Blackjack\BlackjackSim\Serialization\XmlUtils.cs:line 22

An exception occured in BlackjackSimSamples.

Error message: File not found: Configuration\Strategies\Basic\PairDecisionTableConfiguration.xml

Source: BlackjackSim

Stack trace:    at BlackjackSim.Serialization.XmlUtils.DeserializeFromFile[T](String fileName) in B:\_misc\BlackjackSim\_myScripts\C#\Blackjack\BlackjackSim\Serialization\XmlUtils.cs:line 39
   at BlackjackSimSamples.Strategies.Basic.PairDecisionTableConfigurationTest.LoadConfiguration() in B:\_misc\BlackjackSim\_myScripts\C#\Blackjack\BlackjackSimSamples\Strategies\Basic\PairDecisionTableConfigurationTest.cs:line 20
   at BlackjackSimSamples.Program.Main(String[] args) in B:\_misc\BlackjackSim\_myScripts\C#\Blackjack\BlackjackSimSamples\Program.cs:line 23
